Tue Dec  5 15:05:36 2023       
+---------------------------------------------------------------------------------------+
| NVIDIA-SMI 535.104.05             Driver Version: 535.104.05   CUDA Version: 12.2     |
|-----------------------------------------+----------------------+----------------------+
| GPU  Name                 Persistence-M | Bus-Id        Disp.A | Volatile Uncorr. ECC |
| Fan  Temp   Perf          Pwr:Usage/Cap |         Memory-Usage | GPU-Util  Compute M. |
|                                         |                      |               MIG M. |
|=========================================+======================+======================|
|   0  NVIDIA GeForce RTX 2080 Ti     On  | 00000000:15:00.0 Off |                  N/A |
| 31%   28C    P8               1W / 250W |      5MiB / 11264MiB |      0%      Default |
|                                         |                      |                  N/A |
+-----------------------------------------+----------------------+----------------------+
|   1  NVIDIA GeForce RTX 2080 Ti     On  | 00000000:1C:00.0 Off |                  N/A |
| 31%   31C    P8              14W / 250W |      5MiB / 11264MiB |      0%      Default |
|                                         |                      |                  N/A |
+-----------------------------------------+----------------------+----------------------+
                                                                                         
+---------------------------------------------------------------------------------------+
| Processes:                                                                            |
|  GPU   GI   CI        PID   Type   Process name                            GPU Memory |
|        ID   ID                                                             Usage      |
|=======================================================================================|
|  No running processes found                                                           |
+---------------------------------------------------------------------------------------+
Dataset CityscapesDataset
    Number of images: 2975
    Split: train
    Mode: gtFine
    Augment: True
    Root Location: ../datasets/cityscapes

35
creating unet model...
epoch = 0 | loss = 3.717298746109009
epoch = 0 | loss = 2.1549808979034424
epoch = 1 | loss = 2.0580971240997314
epoch = 1 | loss = 2.089674234390259
epoch = 2 | loss = 1.9979368448257446
epoch = 2 | loss = 2.0059382915496826
epoch = 3 | loss = 1.9170150756835938
epoch = 3 | loss = 1.9536367654800415
epoch = 4 | loss = 2.1577610969543457
epoch = 4 | loss = 2.0622024536132812
epoch = 5 | loss = 1.9831349849700928
epoch = 5 | loss = 1.9422640800476074
epoch = 6 | loss = 1.976396083831787
epoch = 6 | loss = 1.9688507318496704
epoch = 7 | loss = 1.9440066814422607
epoch = 7 | loss = 2.0171172618865967
epoch = 8 | loss = 1.9279248714447021
epoch = 8 | loss = 2.0022127628326416
epoch = 9 | loss = 1.8698489665985107
epoch = 9 | loss = 1.914023756980896
epoch = 10 | loss = 1.938032865524292
epoch = 10 | loss = 1.8876698017120361
epoch = 11 | loss = 1.8779175281524658
epoch = 11 | loss = 1.8822038173675537
epoch = 12 | loss = 1.8752281665802002
epoch = 12 | loss = 1.9132492542266846
epoch = 13 | loss = 1.9087707996368408
epoch = 13 | loss = 1.8842394351959229
epoch = 14 | loss = 1.879335641860962
epoch = 14 | loss = 1.8868224620819092
epoch = 15 | loss = 1.8719826936721802
epoch = 15 | loss = 1.891059160232544
epoch = 16 | loss = 1.8986141681671143
epoch = 16 | loss = 1.9514447450637817
epoch = 17 | loss = 1.8838675022125244
epoch = 17 | loss = 1.9853662252426147
epoch = 18 | loss = 1.9654772281646729
epoch = 18 | loss = 1.879546046257019
epoch = 19 | loss = 2.102757453918457
epoch = 19 | loss = 1.8406565189361572
epoch = 20 | loss = 1.927010416984558
epoch = 20 | loss = 1.9083583354949951
epoch = 21 | loss = 1.8834547996520996
epoch = 21 | loss = 1.8757731914520264
epoch = 22 | loss = 1.8451921939849854
epoch = 22 | loss = 1.9138545989990234
epoch = 23 | loss = 1.8459351062774658
epoch = 23 | loss = 1.8960047960281372
epoch = 24 | loss = 1.8479433059692383
epoch = 24 | loss = 1.8687820434570312
epoch = 25 | loss = 1.913299798965454
epoch = 25 | loss = 1.8677644729614258
epoch = 26 | loss = 1.8568971157073975
epoch = 26 | loss = 1.855434775352478
epoch = 27 | loss = 1.8917405605316162
epoch = 27 | loss = 1.9639564752578735
epoch = 28 | loss = 1.933032751083374
epoch = 28 | loss = 1.9382696151733398
epoch = 29 | loss = 1.956489086151123
epoch = 29 | loss = 1.855247974395752
epoch = 30 | loss = 1.8562049865722656
epoch = 30 | loss = 1.8904345035552979
epoch = 31 | loss = 1.9423606395721436
epoch = 31 | loss = 1.836676836013794
epoch = 32 | loss = 1.8211911916732788
epoch = 32 | loss = 1.905653476715088
epoch = 33 | loss = 1.8456673622131348
epoch = 33 | loss = 1.8663792610168457
epoch = 34 | loss = 1.834869623184204
epoch = 34 | loss = 1.908370852470398
epoch = 35 | loss = 1.921952724456787
epoch = 35 | loss = 1.8712824583053589
epoch = 36 | loss = 1.8601210117340088
epoch = 36 | loss = 1.8643627166748047
epoch = 37 | loss = 1.838338851928711
epoch = 37 | loss = 1.9081307649612427
epoch = 38 | loss = 1.8599796295166016
epoch = 38 | loss = 1.8329503536224365
epoch = 39 | loss = 1.8283891677856445
epoch = 39 | loss = 1.8848440647125244
epoch = 40 | loss = 1.8210926055908203
epoch = 40 | loss = 1.874009132385254
epoch = 41 | loss = 1.8345133066177368
epoch = 41 | loss = 1.824694275856018
epoch = 42 | loss = 1.9046673774719238
epoch = 42 | loss = 1.8552968502044678
epoch = 43 | loss = 1.8498640060424805
epoch = 43 | loss = 1.8360408544540405
epoch = 44 | loss = 1.8317310810089111
epoch = 44 | loss = 1.8308110237121582
epoch = 45 | loss = 1.8570661544799805
epoch = 45 | loss = 1.8400031328201294
epoch = 46 | loss = 2.023898124694824
epoch = 46 | loss = 1.8903170824050903
epoch = 47 | loss = 1.8635520935058594
epoch = 47 | loss = 1.8075852394104004
epoch = 48 | loss = 1.844370722770691
epoch = 48 | loss = 1.7887754440307617
epoch = 49 | loss = 1.837403655052185
epoch = 49 | loss = 1.8213222026824951
epoch = 50 | loss = 1.8677606582641602
epoch = 50 | loss = 1.8503565788269043
epoch = 51 | loss = 1.9070920944213867
epoch = 51 | loss = 1.9504382610321045
epoch = 52 | loss = 1.8732061386108398
epoch = 52 | loss = 1.8733954429626465
epoch = 53 | loss = 1.8218568563461304
epoch = 53 | loss = 1.8623038530349731
epoch = 54 | loss = 1.8333566188812256
epoch = 54 | loss = 1.8504608869552612
epoch = 55 | loss = 1.9593167304992676
epoch = 55 | loss = 1.8352628946304321
epoch = 56 | loss = 1.8215582370758057
epoch = 56 | loss = 1.868186116218567
epoch = 57 | loss = 1.8153820037841797
epoch = 57 | loss = 1.8217711448669434
epoch = 58 | loss = 1.8360693454742432
epoch = 58 | loss = 1.855010986328125
epoch = 59 | loss = 1.8282010555267334
epoch = 59 | loss = 1.8274633884429932
epoch = 60 | loss = 1.840253472328186
epoch = 60 | loss = 1.8665872812271118
epoch = 61 | loss = 1.9256700277328491
epoch = 61 | loss = 1.8177183866500854
epoch = 62 | loss = 1.9252839088439941
epoch = 62 | loss = 1.9003610610961914
epoch = 63 | loss = 1.827751874923706
epoch = 63 | loss = 1.7914221286773682
epoch = 64 | loss = 1.8461129665374756
epoch = 64 | loss = 1.828796625137329
epoch = 65 | loss = 1.825181245803833
epoch = 65 | loss = 1.8718856573104858
epoch = 66 | loss = 1.8368905782699585
epoch = 66 | loss = 1.883224368095398
epoch = 67 | loss = 1.9541475772857666
epoch = 67 | loss = 1.8199912309646606
epoch = 68 | loss = 1.8029495477676392
epoch = 68 | loss = 1.893613576889038
epoch = 69 | loss = 1.8657310009002686
epoch = 69 | loss = 1.9285027980804443
epoch = 70 | loss = 1.854430913925171
epoch = 70 | loss = 1.8092652559280396
epoch = 71 | loss = 1.7942142486572266
epoch = 71 | loss = 1.8030498027801514
epoch = 72 | loss = 1.8206110000610352
epoch = 72 | loss = 1.8629494905471802
epoch = 73 | loss = 1.8727378845214844
epoch = 73 | loss = 1.8551768064498901
epoch = 74 | loss = 1.8249504566192627
epoch = 74 | loss = 1.817419409751892
epoch = 75 | loss = 1.850097894668579
epoch = 75 | loss = 1.8722811937332153
epoch = 76 | loss = 1.8552606105804443
epoch = 76 | loss = 1.8162729740142822
epoch = 77 | loss = 1.8011932373046875
epoch = 77 | loss = 1.8374793529510498
epoch = 78 | loss = 1.8330097198486328
epoch = 78 | loss = 1.809097409248352
epoch = 79 | loss = 1.9248229265213013
epoch = 79 | loss = 1.8623013496398926
epoch = 80 | loss = 1.8407397270202637
epoch = 80 | loss = 1.8430134057998657
epoch = 81 | loss = 1.85123610496521
epoch = 81 | loss = 1.8524795770645142
epoch = 82 | loss = 1.8110268115997314
epoch = 82 | loss = 1.8745038509368896
epoch = 83 | loss = 1.8464607000350952
epoch = 83 | loss = 1.8693559169769287
epoch = 84 | loss = 1.8466651439666748
epoch = 84 | loss = 1.8330365419387817
epoch = 85 | loss = 1.8559010028839111
epoch = 85 | loss = 1.8179320096969604
epoch = 86 | loss = 1.8198087215423584
epoch = 86 | loss = 1.816948652267456
epoch = 87 | loss = 1.8577520847320557
epoch = 87 | loss = 1.8028650283813477
epoch = 88 | loss = 1.881103277206421
epoch = 88 | loss = 1.8047351837158203
epoch = 89 | loss = 1.8031903505325317
epoch = 89 | loss = 1.8223432302474976
epoch = 90 | loss = 1.8265254497528076
epoch = 90 | loss = 1.8253135681152344
epoch = 91 | loss = 1.8249313831329346
epoch = 91 | loss = 1.8516710996627808
epoch = 92 | loss = 1.8282723426818848
epoch = 92 | loss = 1.8500102758407593
epoch = 93 | loss = 1.8079721927642822
epoch = 93 | loss = 1.8462245464324951
epoch = 94 | loss = 1.8810949325561523
epoch = 94 | loss = 1.8248478174209595
epoch = 95 | loss = 1.8189656734466553
epoch = 95 | loss = 1.8419368267059326
epoch = 96 | loss = 1.8291938304901123
epoch = 96 | loss = 1.8262019157409668
epoch = 97 | loss = 1.8041696548461914
epoch = 97 | loss = 1.87605619430542
epoch = 98 | loss = 1.8288202285766602
epoch = 98 | loss = 1.8370590209960938
epoch = 99 | loss = 1.8330566883087158
epoch = 99 | loss = 1.8280268907546997
